external/image/logo_konami.png
external/image/ja/logo_ocg.png
external/image/parts/attribute/attribute_icon_dark.png
external/image/parts/attribute/attribute_icon_divine.png
external/image/parts/attribute/attribute_icon_earth.png
external/image/parts/attribute/attribute_icon_fire.png
external/image/parts/attribute/attribute_icon_light.png
external/image/parts/attribute/attribute_icon_spell.png
external/image/parts/attribute/attribute_icon_trap.png
external/image/parts/attribute/attribute_icon_water.png
external/image/parts/attribute/attribute_icon_wind.png
external/image/parts/effect/effect_icon_continuous.png
external/image/parts/effect/effect_icon_counter.png
external/image/parts/effect/effect_icon_equip.png
external/image/parts/effect/effect_icon_field.png
external/image/parts/effect/effect_icon_quickplay.png
external/image/parts/effect/effect_icon_ritual.png
external/image/parts/icon_level.png
external/image/parts/icon_pendulum.png
external/image/parts/icon_rank.png
external/image/parts/link_pc/link123.png
external/image/parts/link_pc/link12.png
external/image/parts/link_pc/link13.png
external/image/parts/link_pc/link1.png
external/image/parts/link_pc/link23.png
external/image/parts/link_pc/link2.png
external/image/parts/link_pc/link3.png
external/image/parts/link_pc/link41.png
external/image/parts/link_pc/link423.png
external/image/parts/link_pc/link42.png
external/image/parts/link_pc/link43.png
external/image/parts/link_pc/link4612.png
external/image/parts/link_pc/link4613.png
external/image/parts/link_pc/link461.png
external/image/parts/link_pc/link4623.png
external/image/parts/link_pc/link462.png
external/image/parts/link_pc/link46.png
external/image/parts/link_pc/link4.png
external/image/parts/link_pc/link6123.png
external/image/parts/link_pc/link613.png
external/image/parts/link_pc/link61.png
external/image/parts/link_pc/link623.png
external/image/parts/link_pc/link62.png
external/image/parts/link_pc/link7413.png
external/image/parts/link_pc/link783.png
external/image/parts/link_pc/link789.png
external/image/parts/link_pc/link7.png
external/image/parts/link_pc/link8123.png
external/image/parts/link_pc/link812.png
external/image/parts/link_pc/link813.png
external/image/parts/link_pc/link823.png
external/image/parts/link_pc/link82.png
external/image/parts/link_pc/link83.png
external/image/parts/link_pc/link8412.png
external/image/parts/link_pc/link842.png
external/image/parts/link_pc/link846123.png
external/image/parts/link_pc/link84613.png
external/image/parts/link_pc/link8462.png
external/image/parts/link_pc/link846.png
external/image/parts/link_pc/link84.png
external/image/parts/link_pc/link8612.png
external/image/parts/link_pc/link861.png
external/image/parts/link_pc/link8623.png
external/image/parts/link_pc/link862.png
external/image/parts/link_pc/link86.png
external/image/parts/link_pc/link8912.png
external/image/parts/link_pc/link8923.png
external/image/parts/link_pc/link893.png
external/image/parts/link_pc/link8.png
external/image/parts/link_pc/link91.png
external/image/parts/link_pc/link9.png
external/image/parts/forbidden_limited/icon_forbidden.png
external/image/parts/forbidden_limited/icon_limited.png
external/image/parts/forbidden_limited/icon_semilimited.png
external/image/parts/icon_search.png
external/image/parts/rarity/icon_cr.png
external/image/parts/rarity/icon_es_20th.png
external/image/parts/rarity/icon_es.png
external/image/parts/rarity/icon_gr.png
external/image/parts/rarity/icon_gs.png
external/image/parts/rarity/icon_hr.png
external/image/parts/rarity/icon_kc_n.png
external/image/parts/rarity/icon_kc_r.png
external/image/parts/rarity/icon_kc_ur.png
external/image/parts/rarity/icon_m_gr.png
external/image/parts/rarity/icon_m_n.png
external/image/parts/rarity/icon_m_se.png
external/image/parts/rarity/icon_m_sr.png
external/image/parts/rarity/icon_m_ur.png
external/image/parts/rarity/icon_p_es.png
external/image/parts/rarity/icon_pg.png
external/image/parts/rarity/icon_p_hg.png
external/image/parts/rarity/icon_p.png
external/image/parts/rarity/icon_p_r.png
external/image/parts/rarity/icon_p_se.png
external/image/parts/rarity/icon_pse.png
external/image/parts/rarity/icon_p_sr.png
external/image/parts/rarity/icon_p_ur.png
external/image/parts/rarity/icon_r.png
external/image/parts/rarity/icon_se_10000.png
external/image/parts/rarity/icon_se.png
external/image/parts/rarity/icon_sr.png
external/image/parts/rarity/icon_ul.png
external/image/parts/rarity/icon_ur.png
external/image/parts/rarity/icon_ur.png
external/image/parts/rarity/icon_ur.png
external/image/parts/search_box_tips_icon.png
external/image/parts/search_box_tips_icon.png
external/image/parts/search_box_tips_icon.png
external/image/parts/search_box_tips_icon.png
external/image/parts/search_box_tips_icon.png
external/image/parts/search_box_tips_icon.png
external/image/parts/search_box_tips_icon.png
external/image/parts/search_box_tips_icon.png
external/image/parts/search_box_tips_icon.png
external/image/parts/search_box_tips_icon.png
external/image/parts/check_on.png
external/image/ja/menu_btn_cardlist.png
external/image/ja/menu_btn_home.png
external/image/ja/menu_btn_decks.png
external/image/ja/menu_btn_q_a.png
external/image/ja/menu_btn_limitr.png
external/image/ja/menu_btn_login.png
external/image/parts/check_off.png
external/image/parts/check_off.png
external/image/parts/check_on.png
external/image/apple-touch-icon.png
external/image/yugioh.ico
external/image/parts/check_off.png
external/image/parts/check_off.png
external/image/parts/check_off.png
external/image/parts/check_on.png
external/image/parts/check_off.png
